2021-09-28 10:58:05,797 INFO o.a.j.u.JMeterUtils: Setting Locale to en_EN
2021-09-28 10:58:05,823 INFO o.a.j.JMeter: Loading user properties from: /usr/local/Cellar/jmeter/5.4.1/libexec/bin/user.properties
2021-09-28 10:58:05,824 INFO o.a.j.JMeter: Loading system properties from: /usr/local/Cellar/jmeter/5.4.1/libexec/bin/system.properties
2021-09-28 10:58:05,824 INFO o.a.j.JMeter: Setting System property: hostname=localhost
2021-09-28 10:58:05,824 INFO o.a.j.JMeter: Setting System property: port=8080
2021-09-28 10:58:05,829 INFO o.a.j.JMeter: Copyright (c) 1998-2021 The Apache Software Foundation
2021-09-28 10:58:05,829 INFO o.a.j.JMeter: Version 5.4.1
2021-09-28 10:58:05,829 INFO o.a.j.JMeter: java.version=17
2021-09-28 10:58:05,830 INFO o.a.j.JMeter: java.vm.name=OpenJDK 64-Bit Server VM
2021-09-28 10:58:05,830 INFO o.a.j.JMeter: os.name=Mac OS X
2021-09-28 10:58:05,830 INFO o.a.j.JMeter: os.arch=x86_64
2021-09-28 10:58:05,830 INFO o.a.j.JMeter: os.version=11.5.2
2021-09-28 10:58:05,830 INFO o.a.j.JMeter: file.encoding=UTF-8
2021-09-28 10:58:05,830 INFO o.a.j.JMeter: java.awt.headless=true
2021-09-28 10:58:05,830 INFO o.a.j.JMeter: Max memory     =1073741824
2021-09-28 10:58:05,830 INFO o.a.j.JMeter: Available Processors =12
2021-09-28 10:58:05,839 INFO o.a.j.JMeter: Default Locale=English (EN)
2021-09-28 10:58:05,839 INFO o.a.j.JMeter: JMeter  Locale=English (EN)
2021-09-28 10:58:05,839 INFO o.a.j.JMeter: JMeterHome=/usr/local/Cellar/jmeter/5.4.1/libexec
2021-09-28 10:58:05,839 INFO o.a.j.JMeter: user.dir  =/Users/mike.smithecs.co.uk/code/hackathon
2021-09-28 10:58:05,839 INFO o.a.j.JMeter: PWD       =/Users/mike.smithecs.co.uk/code/hackathon
2021-09-28 10:58:05,843 INFO o.a.j.JMeter: IP: 192.168.10.195 Name: C02G7595MD6M FullName: 192.168.10.195
2021-09-28 10:58:05,848 INFO o.a.j.s.FileServer: Default base='/Users/mike.smithecs.co.uk/code/hackathon'
2021-09-28 10:58:05,849 INFO o.a.j.s.FileServer: Set new base='/Users/mike.smithecs.co.uk/code/hackathon'
2021-09-28 10:58:06,013 INFO o.a.j.s.SaveService: Testplan (JMX) version: 2.2. Testlog (JTL) version: 2.2
2021-09-28 10:58:06,041 INFO o.a.j.s.SaveService: Using SaveService properties version 5.0
2021-09-28 10:58:06,044 INFO o.a.j.s.SaveService: Using SaveService properties file encoding UTF-8
2021-09-28 10:58:06,046 INFO o.a.j.s.SaveService: Loading file: HackathonTestPlan.jmx
2021-09-28 10:58:06,086 INFO o.a.j.p.h.s.HTTPSamplerBase: Parser for text/html is org.apache.jmeter.protocol.http.parser.LagartoBasedHtmlParser
2021-09-28 10:58:06,086 INFO o.a.j.p.h.s.HTTPSamplerBase: Parser for application/xhtml+xml is org.apache.jmeter.protocol.http.parser.LagartoBasedHtmlParser
2021-09-28 10:58:06,086 INFO o.a.j.p.h.s.HTTPSamplerBase: Parser for application/xml is org.apache.jmeter.protocol.http.parser.LagartoBasedHtmlParser
2021-09-28 10:58:06,086 INFO o.a.j.p.h.s.HTTPSamplerBase: Parser for text/xml is org.apache.jmeter.protocol.http.parser.LagartoBasedHtmlParser
2021-09-28 10:58:06,086 INFO o.a.j.p.h.s.HTTPSamplerBase: Parser for text/vnd.wap.wml is org.apache.jmeter.protocol.http.parser.RegexpHTMLParser
2021-09-28 10:58:06,086 INFO o.a.j.p.h.s.HTTPSamplerBase: Parser for text/css is org.apache.jmeter.protocol.http.parser.CssParser
2021-09-28 10:58:06,113 INFO o.a.j.JMeter: Creating summariser <summary>
2021-09-28 10:58:06,117 INFO o.a.j.e.StandardJMeterEngine: Running the test!
2021-09-28 10:58:06,118 INFO o.a.j.s.SampleEvent: List of sample_variables: []
2021-09-28 10:58:06,118 INFO o.a.j.s.SampleEvent: List of sample_variables: []
2021-09-28 10:58:06,122 INFO o.a.j.e.u.CompoundVariable: Note: Function class names must contain the string: '.functions.'
2021-09-28 10:58:06,122 INFO o.a.j.e.u.CompoundVariable: Note: Function class names must not contain the string: '.gui.'
2021-09-28 10:58:06,181 INFO o.a.j.JMeter: Running test (1632823086181)
2021-09-28 10:58:06,206 INFO o.a.j.e.StandardJMeterEngine: Starting ThreadGroup: 1 : Thread Group
2021-09-28 10:58:06,206 INFO o.a.j.e.StandardJMeterEngine: Starting 1 threads for group Thread Group.
2021-09-28 10:58:06,206 INFO o.a.j.e.StandardJMeterEngine: Thread will continue on error
2021-09-28 10:58:06,206 INFO o.a.j.t.ThreadGroup: Starting thread group... number=1 threads=1 ramp-up=1 delayedStart=false
2021-09-28 10:58:06,209 INFO o.a.j.t.ThreadGroup: Started thread group number 1
2021-09-28 10:58:06,210 INFO o.a.j.e.StandardJMeterEngine: All thread groups have been started
2021-09-28 10:58:06,212 INFO o.a.j.t.JMeterThread: Thread started: Thread Group 1-1
2021-09-28 10:58:06,229 INFO o.a.j.p.h.s.HTTPHCAbstractImpl:2021-09-28 11:06:31,765 INFO o.a.j.e.StandardJMeterEngine: Running the test!
2021-09-28 11:06:31,767 INFO o.a.j.s.SampleEvent: List of sample_variables: []
2021-09-28 11:06:31,768 INFO o.a.j.s.SampleEvent: List of sample_variables: []
2021-09-28 11:06:31,769 INFO o.a.j.e.u.CompoundVariable: Note: Function class names must contain the string: '.functions.'
2021-09-28 11:06:31,769 INFO o.a.j.e.u.CompoundVariable: Note: Function class names must not contain the string: '.gui.'
2021-09-28 11:06:31,797 INFO o.a.j.g.u.JMeterMenuBar: setRunning(true, *local*)
2021-09-28 11:06:31,847 INFO o.a.j.e.StandardJMeterEngine: Starting ThreadGroup: 1 : Thread Group
2021-09-28 11:06:31,847 INFO o.a.j.e.StandardJMeterEngine: Starting 10 threads for group Thread Group.
2021-09-28 11:06:31,848 INFO o.a.j.e.StandardJMeterEngine: Thread will continue on error
2021-09-28 11:06:31,848 INFO o.a.j.t.ThreadGroup: Starting thread group... number=1 threads=10 ramp-up=1 delayedStart=false
2021-09-28 11:06:31,850 INFO o.a.j.t.JMeterThread: Thread started: Thread Group 1-1
2021-09-28 11:06:31,852 INFO o.a.j.t.ThreadGroup: Started thread group number 1
2021-09-28 11:06:31,853 INFO o.a.j.e.StandardJMeterEngine: All thread groups have been started
2021-09-28 11:06:31,856 INFO o.a.j.p.h.s.HTTPHCAbstractImpl: Local host = C02G7595MD6M
2021-09-28 11:06:31,861 INFO o.a.j.p.h.s.HTTPHC4Impl: HTTP request retry count = 0
2021-09-28 11:06:31,953 INFO o.a.j.t.JMeterThread: Thread started: Thread Group 1-2
2021-09-28 11:06:32,053 INFO o.a.j.t.JMeterThread: Thread started: Thread Group 1-3
2021-09-28 11:06:32,153 INFO o.a.j.t.JMeterThread: Thread started: Thread Group 1-4
2021-09-28 11:06:32,253 INFO o.a.j.t.JMeterThread: Thread started: Thread Group 1-5
2021-09-28 11:06:32,353 INFO o.a.j.t.JMeterThread: Thread started: Thread Group 1-6
2021-09-28 11:06:32,453 INFO o.a.j.t.JMeterThread: Thread started: Thread Group 1-7
2021-09-28 11:06:32,553 INFO o.a.j.t.JMeterThread: Thread started: Thread Group 1-8
2021-09-28 11:06:32,653 INFO o.a.j.t.JMeterThread: Thread started: Thread Group 1-9
2021-09-28 11:06:32,753 INFO o.a.j.t.JMeterThread: Thread started: Thread Group 1-10
2021-09-28 11:06:34,842 INFO o.a.j.g.a.Start: Stopping test
2021-09-28 11:06:34,859 INFO o.a.j.t.JMeterThread: Stopping: Thread Group 1-1
2021-09-28 11:06:34,859 INFO o.a.j.t.JMeterThread: Stopping: Thread Group 1-2
2021-09-28 11:06:34,859 INFO o.a.j.t.JMeterThread: Stopping: Thread Group 1-3
2021-09-28 11:06:34,859 WARN o.a.j.t.JMeterThread: The delay timer was interrupted - probably did not wait as long as intended.
2021-09-28 11:06:34,859 WARN o.a.j.t.JMeterThread: The delay timer was interrupted - probably did not wait as long as intended.
2021-09-28 11:06:34,859 INFO o.a.j.t.JMeterThread: Stopping: Thread Group 1-6
2021-09-28 11:06:34,859 WARN o.a.j.t.JMeterThread: The delay timer was interrupted - probably did not wait as long as intended.
2021-09-28 11:06:34,859 INFO o.a.j.t.JMeterThread: Thread finished: Thread Group 1-1
2021-09-28 11:06:34,859 WARN o.a.j.t.JMeterThread: The delay timer was interrupted - probably did not wait as long as intended.
2021-09-28 11:06:34,860 INFO o.a.j.t.JMeterThread: Thread finished: Thread Group 1-2
2021-09-28 11:06:34,859 INFO o.a.j.t.JMeterThread: Stopping: Thread Group 1-10
2021-09-28 11:06:34,860 INFO o.a.j.t.JMeterThread: Thread finished: Thread Group 1-3
2021-09-28 11:06:34,860 INFO o.a.j.t.JMeterThread: Thread finished: Thread Group 1-6
2021-09-28 11:06:34,860 WARN o.a.j.t.JMeterThread: The delay timer was interrupted - probably did not wait as long as intended.
2021-09-28 11:06:34,860 INFO o.a.j.t.JMeterThread: Stopping: Thread Group 1-5
2021-09-28 11:06:34,860 INFO o.a.j.t.JMeterThread: Thread finished: Thread Group 1-10
2021-09-28 11:06:34,860 WARN o.a.j.t.JMeterThread: The delay timer was interrupted - probably did not wait as long as intended.
2021-09-28 11:06:34,860 INFO o.a.j.t.JMeterThread: Stopping: Thread Group 1-7
2021-09-28 11:06:34,860 INFO o.a.j.t.JMeterThread: Thread finished: Thread Group 1-5
2021-09-28 11:06:34,860 INFO o.a.j.t.JMeterThread: Stopping: Thread Group 1-8
2021-09-28 11:06:34,860 WARN o.a.j.t.JMeterThread: The delay timer was interrupted - probably did not wait as long as intended.
2021-09-28 11:06:34,860 INFO o.a.j.t.JMeterThread: Stopping: Thread Group 1-4
2021-09-28 11:06:34,860 WARN o.a.j.t.JMeterThread: The delay timer was interrupted - probably did not wait as long as intended.
2021-09-28 11:06:34,861 INFO o.a.j.t.JMeterThread: Thread finished: Thread Group 1-7
2021-09-28 11:06:34,861 INFO o.a.j.t.JMeterThread: Stopping: Thread Group 1-9
2021-09-28 11:06:34,861 WARN o.a.j.t.JMeterThread: The delay timer was interrupted - probably did not wait as long as intended.
2021-09-28 11:06:34,861 INFO o.a.j.t.JMeterThread: Thread finished: Thread Group 1-8
2021-09-28 11:06:34,861 INFO o.a.j.t.JMeterThread: Thread finished: Thread Group 1-4
2021-09-28 11:06:34,861 WARN o.a.j.t.JMeterThread: The delay timer was interrupted - probably did not wait as long as intended.
2021-09-28 11:06:34,861 INFO o.a.j.t.JMeterThread: Thread finished: Thread Group 1-9
2021-09-28 11:06:34,861 INFO o.a.j.e.StandardJMeterEngine: Notifying test listeners of end of test
2021-09-28 11:06:34,862 INFO o.a.j.g.u.JMeterMenuBar: setRunning(false, *local*)
2021-09-28 11:06:36,609 INFO o.a.j.e.StandardJMeterEngine: Running the test!
2021-09-28 11:06:36,609 INFO o.a.j.s.SampleEvent: List of sample_variables: []
2021-09-28 11:06:36,610 INFO o.a.j.g.u.JMeterMenuBar: setRunning(true, *local*)
2021-09-28 11:06:36,683 INFO o.a.j.e.StandardJMeterEngine: Starting ThreadGroup: 1 : Thread Group
2021-09-28 11:06:36,683 INFO o.a.j.e.StandardJMeterEngine: Starting 10 threads for group Thread Group.
2021-09-28 11:06:36,684 INFO o.a.j.e.StandardJMeterEngine: Thread will continue on error
2021-09-28 11:06:36,684 INFO o.a.j.t.ThreadGroup: Starting thread group... number=1 threads=10 ramp-up=1 delayedStart=false
2021-09-28 11:06:36,685 INFO o.a.j.t.JMeterThread: Thread started: Thread Group 1-1
2021-09-28 11:06:36,687 INFO o.a.j.t.ThreadGroup: Started thread group number 1
2021-09-28 11:06:36,687 INFO o.a.j.e.StandardJMeterEngine: All thread groups have been started
2021-09-28 11:06:36,785 INFO o.a.j.t.JMeterThread: Thread started: Thread Group 1-2
2021-09-28 11:06:36,888 INFO o.a.j.t.JMeterThread: Thread started: Thread Group 1-3
2021-09-28 11:06:36,986 INFO o.a.j.t.JMeterThread: Thread started: Thread Group 1-4
2021-09-28 11:06:37,086 INFO o.a.j.t.JMeterThread: Thread started: Thread Group 1-5
2021-09-28 11:06:37,185 INFO o.a.j.t.JMeterThread: Thread started: Thread Group 1-6
2021-09-28 11:06:37,286 INFO o.a.j.t.JMeterThread: Thread started: Thread Group 1-7
2021-09-28 11:06:37,387 INFO o.a.j.t.JMeterThread: Thread started: Thread Group 1-8
2021-09-28 11:06:37,487 INFO o.a.j.t.JMeterThread: Thread started: Thread Group 1-9
2021-09-28 11:06:37,585 INFO o.a.j.t.JMeterThread: Thread started: Thread Group 1-10
2021-09-28 11:06:53,067 INFO o.a.j.t.JMeterThread: Thread is done: Thread Group 1-2
2021-09-28 11:06:53,068 INFO o.a.j.t.JMeterThread: Thread finished: Thread Group 1-2
2021-09-28 11:06:53,140 INFO o.a.j.t.JMeterThread: Thread is done: Thread Group 1-1
2021-09-28 11:06:53,140 INFO o.a.j.t.JMeterThread: Thread finished: Thread Group 1-1
2021-09-28 11:06:53,391 INFO o.a.j.t.JMeterThread: Thread is done: Thread Group 1-5
2021-09-28 11:06:53,391 INFO o.a.j.t.JMeterThread: Thread finished: Thread Group 1-5
2021-09-28 11:06:53,393 INFO o.a.j.t.JMeterThread: Thread is done: Thread Group 1-3
2021-09-28 11:06:53,393 INFO o.a.j.t.JMeterThread: Thread finished: Thread Group 1-3
2021-09-28 11:06:53,454 INFO o.a.j.t.JMeterThread: Thread is done: Thread Group 1-6
2021-09-28 11:06:53,455 INFO o.a.j.t.JMeterThread: Thread finished: Thread Group 1-6
2021-09-28 11:06:53,498 INFO o.a.j.t.JMeterThread: Thread is done: Thread Group 1-4
2021-09-28 11:06:53,498 INFO o.a.j.t.JMeterThread: Thread finished: Thread Group 1-4
2021-09-28 11:06:53,823 INFO o.a.j.t.JMeterThread: Thread is done: Thread Group 1-7
2021-09-28 11:06:53,824 INFO o.a.j.t.JMeterThread: Thread finished: Thread Group 1-7
2021-09-28 11:06:53,828 INFO o.a.j.t.JMeterThread: Thread is done: Thread Group 1-10
2021-09-28 11:06:53,829 INFO o.a.j.t.JMeterThread: Thread finished: Thread Group 1-10
2021-09-28 11:06:53,869 INFO o.a.j.t.JMeterThread: Thread is done: Thread Group 1-9
2021-09-28 11:06:53,869 INFO o.a.j.t.JMeterThread: Thread finished: Thread Group 1-9
2021-09-28 11:06:53,892 INFO o.a.j.t.JMeterThread: Thread is done: Thread Group 1-8
2021-09-28 11:06:53,892 INFO o.a.j.t.JMeterThread: Thread finished: Thread Group 1-8
2021-09-28 11:06:53,893 INFO o.a.j.e.StandardJMeterEngine: Notifying test listeners of end of test
2021-09-28 11:06:53,893 INFO o.a.j.g.u.JMeterMenuBar: setRunning(false, *local*)
2021-09-28 12:41:30,403 INFO o.a.j.g.a.Load: Loading file: /Users/mike.smithecs.co.uk/code/hackathon/src/test/jmeter/HackathonTestPlan.jmx
2021-09-28 12:41:30,404 INFO o.a.j.s.FileServer: Set new base='/Users/mike.smithecs.co.uk/code/hackathon/src/test/jmeter'
2021-09-28 12:41:30,404 INFO o.a.j.s.SaveService: Loading file: /Users/mike.smithecs.co.uk/code/hackathon/src/test/jmeter/HackathonTestPlan.jmx
2021-09-28 12:41:30,475 INFO o.a.j.v.ViewResultsFullVisualizer: Add JavaFX to your Java installation if you want to use renderer: org.apache.jmeter.visualizers.RenderInBrowser
2021-09-28 12:41:30,509 INFO o.a.j.s.FileServer: Set new base='/Users/mike.smithecs.co.uk/code/hackathon/src/test/jmeter'
